{"D:\\Projects\\Web Development2\\Javascript Frameworks\\Fullstack Frameworks\\Next.js\\Surya-Women's Health Tracing and Monitoring System Web App-NextJS FullStack\\src\\middleware.ts": {"path":"D:\\Projects\\Web Development2\\Javascript Frameworks\\Fullstack Frameworks\\Next.js\\Surya-Women's Health Tracing and Monitoring System Web App-NextJS FullStack\\src\\middleware.ts","statementMap":{"0":{"start":{"line":13,"column":0},"end":{"line":13,"column":16}},"1":{"start":{"line":1,"column":0},"end":{"line":1,"column":43}},"2":{"start":{"line":7,"column":21},"end":{"line":7,"column":76}},"3":{"start":{"line":9,"column":18},"end":{"line":9,"column":27}},"4":{"start":{"line":10,"column":21},"end":{"line":10,"column":24}},"5":{"start":{"line":11,"column":26},"end":{"line":11,"column":28}},"6":{"start":{"line":14,"column":15},"end":{"line":14,"column":102}},"7":{"start":{"line":15,"column":17},"end":{"line":15,"column":41}},"8":{"start":{"line":18,"column":4},"end":{"line":37,"column":5}},"9":{"start":{"line":19,"column":20},"end":{"line":19,"column":30}},"10":{"start":{"line":20,"column":22},"end":{"line":20,"column":86}},"11":{"start":{"line":22,"column":28},"end":{"line":22,"column":48}},"12":{"start":{"line":24,"column":8},"end":{"line":36,"column":9}},"13":{"start":{"line":25,"column":12},"end":{"line":33,"column":13}},"14":{"start":{"line":27,"column":16},"end":{"line":27,"column":79}},"15":{"start":{"line":29,"column":16},"end":{"line":31,"column":17}},"16":{"start":{"line":30,"column":20},"end":{"line":30,"column":94}},"17":{"start":{"line":32,"column":16},"end":{"line":32,"column":39}},"18":{"start":{"line":35,"column":12},"end":{"line":35,"column":75}},"19":{"start":{"line":40,"column":21},"end":{"line":40,"column":40}},"20":{"start":{"line":42,"column":4},"end":{"line":42,"column":62}},"21":{"start":{"line":43,"column":4},"end":{"line":43,"column":52}},"22":{"start":{"line":44,"column":4},"end":{"line":44,"column":62}},"23":{"start":{"line":45,"column":4},"end":{"line":45,"column":79}},"24":{"start":{"line":47,"column":4},"end":{"line":47,"column":97}},"25":{"start":{"line":50,"column":4},"end":{"line":53,"column":6}},"26":{"start":{"line":55,"column":4},"end":{"line":55,"column":20}},"27":{"start":{"line":58,"column":13},"end":{"line":68,"column":2}}},"fnMap":{"0":{"name":"middleware","decl":{"start":{"line":13,"column":16},"end":{"line":13,"column":26}},"loc":{"start":{"line":13,"column":47},"end":{"line":56,"column":1}}}},"branchMap":{"0":{"loc":{"start":{"line":14,"column":15},"end":{"line":14,"column":102}},"type":"cond-expr","locations":[{"start":{"line":14,"column":89},"end":{"line":14,"column":93}},{"start":{"line":14,"column":93},"end":{"line":14,"column":102}}]},"1":{"loc":{"start":{"line":14,"column":15},"end":{"line":14,"column":93}},"type":"binary-expr","locations":[{"start":{"line":14,"column":15},"end":{"line":14,"column":93}},{"start":{"line":14,"column":89},"end":{"line":14,"column":93}}]},"2":{"loc":{"start":{"line":14,"column":15},"end":{"line":14,"column":89}},"type":"cond-expr","locations":[{"start":{"line":14,"column":53},"end":{"line":14,"column":57}},{"start":{"line":14,"column":57},"end":{"line":14,"column":89}}]},"3":{"loc":{"start":{"line":14,"column":15},"end":{"line":14,"column":57}},"type":"binary-expr","locations":[{"start":{"line":14,"column":15},"end":{"line":14,"column":57}},{"start":{"line":14,"column":53},"end":{"line":14,"column":57}}]},"4":{"loc":{"start":{"line":18,"column":4},"end":{"line":37,"column":5}},"type":"if","locations":[{"start":{"line":18,"column":4},"end":{"line":37,"column":5}}]},"5":{"loc":{"start":{"line":20,"column":22},"end":{"line":20,"column":86}},"type":"cond-expr","locations":[{"start":{"line":20,"column":54},"end":{"line":20,"column":71}},{"start":{"line":20,"column":74},"end":{"line":20,"column":86}}]},"6":{"loc":{"start":{"line":24,"column":8},"end":{"line":36,"column":9}},"type":"if","locations":[{"start":{"line":24,"column":8},"end":{"line":36,"column":9}},{"start":{"line":34,"column":15},"end":{"line":36,"column":9}}]},"7":{"loc":{"start":{"line":25,"column":12},"end":{"line":33,"column":13}},"type":"if","locations":[{"start":{"line":25,"column":12},"end":{"line":33,"column":13}},{"start":{"line":28,"column":19},"end":{"line":33,"column":13}}]},"8":{"loc":{"start":{"line":29,"column":16},"end":{"line":31,"column":17}},"type":"if","locations":[{"start":{"line":29,"column":16},"end":{"line":31,"column":17}}]}},"s":{"0":1,"1":1,"2":1,"3":1,"4":1,"5":1,"6":1,"7":1,"8":1,"9":1,"10":1,"11":1,"12":1,"13":0,"14":0,"15":0,"16":0,"17":0,"18":1,"19":1,"20":1,"21":1,"22":1,"23":1,"24":1,"25":1,"26":1,"27":1},"f":{"0":1},"b":{"0":[1,0],"1":[1,1],"2":[1,0],"3":[1,1],"4":[1],"5":[0,1],"6":[0,1],"7":[0,0],"8":[0]}}
,"D:\\Projects\\Web Development2\\Javascript Frameworks\\Fullstack Frameworks\\Next.js\\Surya-Women's Health Tracing and Monitoring System Web App-NextJS FullStack\\src\\lib\\encryption.ts": {"path":"D:\\Projects\\Web Development2\\Javascript Frameworks\\Fullstack Frameworks\\Next.js\\Surya-Women's Health Tracing and Monitoring System Web App-NextJS FullStack\\src\\lib\\encryption.ts","statementMap":{"0":{"start":{"line":14,"column":0},"end":{"line":14,"column":16}},"1":{"start":{"line":30,"column":0},"end":{"line":30,"column":16}},"2":{"start":{"line":1,"column":0},"end":{"line":1,"column":28}},"3":{"start":{"line":3,"column":18},"end":{"line":3,"column":31}},"4":{"start":{"line":6,"column":23},"end":{"line":6,"column":87}},"5":{"start":{"line":8,"column":18},"end":{"line":8,"column":20}},"6":{"start":{"line":9,"column":24},"end":{"line":9,"column":26}},"7":{"start":{"line":15,"column":15},"end":{"line":15,"column":44}},"8":{"start":{"line":16,"column":19},"end":{"line":16,"column":93}},"9":{"start":{"line":18,"column":20},"end":{"line":18,"column":55}},"10":{"start":{"line":19,"column":4},"end":{"line":19,"column":37}},"11":{"start":{"line":21,"column":20},"end":{"line":21,"column":39}},"12":{"start":{"line":24,"column":4},"end":{"line":24,"column":75}},"13":{"start":{"line":31,"column":4},"end":{"line":52,"column":5}},"14":{"start":{"line":32,"column":22},"end":{"line":32,"column":46}},"15":{"start":{"line":33,"column":8},"end":{"line":36,"column":9}},"16":{"start":{"line":35,"column":12},"end":{"line":35,"column":33}},"17":{"start":{"line":38,"column":19},"end":{"line":38,"column":47}},"18":{"start":{"line":39,"column":24},"end":{"line":39,"column":52}},"19":{"start":{"line":40,"column":26},"end":{"line":40,"column":34}},"20":{"start":{"line":42,"column":25},"end":{"line":42,"column":101}},"21":{"start":{"line":43,"column":8},"end":{"line":43,"column":37}},"22":{"start":{"line":45,"column":24},"end":{"line":45,"column":66}},"23":{"start":{"line":46,"column":8},"end":{"line":46,"column":45}},"24":{"start":{"line":48,"column":8},"end":{"line":48,"column":25}},"25":{"start":{"line":50,"column":8},"end":{"line":50,"column":50}},"26":{"start":{"line":51,"column":8},"end":{"line":51,"column":29}}},"fnMap":{"0":{"name":"encryptData","decl":{"start":{"line":14,"column":16},"end":{"line":14,"column":27}},"loc":{"start":{"line":14,"column":40},"end":{"line":25,"column":1}}},"1":{"name":"decryptData","decl":{"start":{"line":30,"column":16},"end":{"line":30,"column":27}},"loc":{"start":{"line":30,"column":49},"end":{"line":53,"column":1}}}},"branchMap":{"0":{"loc":{"start":{"line":6,"column":23},"end":{"line":6,"column":87}},"type":"binary-expr","locations":[{"start":{"line":6,"column":23},"end":{"line":6,"column":49}},{"start":{"line":6,"column":53},"end":{"line":6,"column":87}}]},"1":{"loc":{"start":{"line":33,"column":8},"end":{"line":36,"column":9}},"type":"if","locations":[{"start":{"line":33,"column":8},"end":{"line":36,"column":9}}]}},"s":{"0":2,"1":2,"2":2,"3":2,"4":2,"5":2,"6":2,"7":3,"8":3,"9":3,"10":3,"11":3,"12":3,"13":3,"14":3,"15":3,"16":1,"17":2,"18":2,"19":2,"20":2,"21":2,"22":2,"23":2,"24":1,"25":1,"26":1},"f":{"0":3,"1":3},"b":{"0":[2,2],"1":[1]}}
,"D:\\Projects\\Web Development2\\Javascript Frameworks\\Fullstack Frameworks\\Next.js\\Surya-Women's Health Tracing and Monitoring System Web App-NextJS FullStack\\src\\lib\\validations.ts": {"path":"D:\\Projects\\Web Development2\\Javascript Frameworks\\Fullstack Frameworks\\Next.js\\Surya-Women's Health Tracing and Monitoring System Web App-NextJS FullStack\\src\\lib\\validations.ts","statementMap":{"0":{"start":{"line":1,"column":0},"end":{"line":1,"column":24}},"1":{"start":{"line":5,"column":13},"end":{"line":12,"column":3}},"2":{"start":{"line":9,"column":36},"end":{"line":9,"column":59}},"3":{"start":{"line":14,"column":13},"end":{"line":17,"column":3}},"4":{"start":{"line":21,"column":13},"end":{"line":28,"column":3}},"5":{"start":{"line":22,"column":37},"end":{"line":22,"column":60}},"6":{"start":{"line":32,"column":22},"end":{"line":35,"column":2}},"7":{"start":{"line":37,"column":27},"end":{"line":40,"column":2}},"8":{"start":{"line":42,"column":26},"end":{"line":45,"column":2}},"9":{"start":{"line":47,"column":13},"end":{"line":52,"column":3}},"10":{"start":{"line":54,"column":13},"end":{"line":54,"column":61}},"11":{"start":{"line":58,"column":13},"end":{"line":63,"column":3}},"12":{"start":{"line":61,"column":37},"end":{"line":61,"column":60}},"13":{"start":{"line":66,"column":13},"end":{"line":68,"column":3}},"14":{"start":{"line":72,"column":13},"end":{"line":78,"column":3}},"15":{"start":{"line":82,"column":13},"end":{"line":96,"column":3}}},"fnMap":{"0":{"name":"(anonymous_0)","decl":{"start":{"line":9,"column":27},"end":{"line":9,"column":28}},"loc":{"start":{"line":9,"column":36},"end":{"line":9,"column":59}}},"1":{"name":"(anonymous_1)","decl":{"start":{"line":22,"column":28},"end":{"line":22,"column":29}},"loc":{"start":{"line":22,"column":37},"end":{"line":22,"column":60}}},"2":{"name":"(anonymous_2)","decl":{"start":{"line":61,"column":28},"end":{"line":61,"column":29}},"loc":{"start":{"line":61,"column":37},"end":{"line":61,"column":60}}}},"branchMap":{},"s":{"0":2,"1":2,"2":2,"3":2,"4":2,"5":0,"6":2,"7":2,"8":2,"9":2,"10":2,"11":2,"12":0,"13":2,"14":2,"15":2},"f":{"0":2,"1":0,"2":0},"b":{}}
,"D:\\Projects\\Web Development2\\Javascript Frameworks\\Fullstack Frameworks\\Next.js\\Surya-Women's Health Tracing and Monitoring System Web App-NextJS FullStack\\src\\lib\\algorithms\\community.ts": {"path":"D:\\Projects\\Web Development2\\Javascript Frameworks\\Fullstack Frameworks\\Next.js\\Surya-Women's Health Tracing and Monitoring System Web App-NextJS FullStack\\src\\lib\\algorithms\\community.ts","statementMap":{"0":{"start":{"line":16,"column":0},"end":{"line":16,"column":16}},"1":{"start":{"line":56,"column":0},"end":{"line":56,"column":16}},"2":{"start":{"line":98,"column":0},"end":{"line":98,"column":16}},"3":{"start":{"line":15,"column":21},"end":{"line":15,"column":46}},"4":{"start":{"line":18,"column":16},"end":{"line":25,"column":6}},"5":{"start":{"line":20,"column":31},"end":{"line":20,"column":67}},"6":{"start":{"line":21,"column":12},"end":{"line":21,"column":55}},"7":{"start":{"line":21,"column":29},"end":{"line":21,"column":55}},"8":{"start":{"line":22,"column":12},"end":{"line":22,"column":55}},"9":{"start":{"line":22,"column":29},"end":{"line":22,"column":55}},"10":{"start":{"line":23,"column":12},"end":{"line":23,"column":39}},"11":{"start":{"line":26,"column":4},"end":{"line":29,"column":5}},"12":{"start":{"line":28,"column":8},"end":{"line":28,"column":46}},"13":{"start":{"line":30,"column":24},"end":{"line":30,"column":70}},"14":{"start":{"line":30,"column":50},"end":{"line":30,"column":69}},"15":{"start":{"line":31,"column":43},"end":{"line":31,"column":45}},"16":{"start":{"line":32,"column":4},"end":{"line":32,"column":52}},"17":{"start":{"line":32,"column":28},"end":{"line":32,"column":48}},"18":{"start":{"line":33,"column":17},"end":{"line":36,"column":5}},"19":{"start":{"line":34,"column":8},"end":{"line":34,"column":38}},"20":{"start":{"line":34,"column":29},"end":{"line":34,"column":38}},"21":{"start":{"line":35,"column":8},"end":{"line":35,"column":31}},"22":{"start":{"line":37,"column":18},"end":{"line":39,"column":5}},"23":{"start":{"line":38,"column":8},"end":{"line":38,"column":30}},"24":{"start":{"line":40,"column":24},"end":{"line":40,"column":26}},"25":{"start":{"line":41,"column":4},"end":{"line":48,"column":5}},"26":{"start":{"line":42,"column":22},"end":{"line":42,"column":34}},"27":{"start":{"line":43,"column":22},"end":{"line":43,"column":34}},"28":{"start":{"line":44,"column":8},"end":{"line":47,"column":9}},"29":{"start":{"line":45,"column":12},"end":{"line":45,"column":27}},"30":{"start":{"line":46,"column":12},"end":{"line":46,"column":32}},"31":{"start":{"line":49,"column":4},"end":{"line":49,"column":39}},"32":{"start":{"line":50,"column":4},"end":{"line":50,"column":15}},"33":{"start":{"line":57,"column":24},"end":{"line":57,"column":26}},"34":{"start":{"line":58,"column":20},"end":{"line":58,"column":37}},"35":{"start":{"line":59,"column":22},"end":{"line":59,"column":30}},"36":{"start":{"line":61,"column":4},"end":{"line":61,"column":30}},"37":{"start":{"line":61,"column":20},"end":{"line":61,"column":30}},"38":{"start":{"line":62,"column":4},"end":{"line":62,"column":27}},"39":{"start":{"line":64,"column":4},"end":{"line":83,"column":5}},"40":{"start":{"line":65,"column":35},"end":{"line":65,"column":39}},"41":{"start":{"line":66,"column":24},"end":{"line":66,"column":32}},"42":{"start":{"line":68,"column":8},"end":{"line":75,"column":9}},"43":{"start":{"line":69,"column":12},"end":{"line":74,"column":13}},"44":{"start":{"line":70,"column":16},"end":{"line":73,"column":17}},"45":{"start":{"line":71,"column":20},"end":{"line":71,"column":48}},"46":{"start":{"line":72,"column":20},"end":{"line":72,"column":58}},"47":{"start":{"line":77,"column":8},"end":{"line":82,"column":9}},"48":{"start":{"line":78,"column":12},"end":{"line":78,"column":30}},"49":{"start":{"line":79,"column":12},"end":{"line":79,"column":35}},"50":{"start":{"line":81,"column":12},"end":{"line":81,"column":18}},"51":{"start":{"line":85,"column":4},"end":{"line":85,"column":15}},"52":{"start":{"line":100,"column":26},"end":{"line":100,"column":78}},"53":{"start":{"line":100,"column":54},"end":{"line":100,"column":77}},"54":{"start":{"line":101,"column":47},"end":{"line":101,"column":49}},"55":{"start":{"line":102,"column":25},"end":{"line":102,"column":35}},"56":{"start":{"line":104,"column":4},"end":{"line":108,"column":5}},"57":{"start":{"line":105,"column":22},"end":{"line":105,"column":61}},"58":{"start":{"line":106,"column":8},"end":{"line":106,"column":38}},"59":{"start":{"line":107,"column":8},"end":{"line":107,"column":32}},"60":{"start":{"line":110,"column":4},"end":{"line":110,"column":22}}},"fnMap":{"0":{"name":"kruskal","decl":{"start":{"line":16,"column":16},"end":{"line":16,"column":23}},"loc":{"start":{"line":16,"column":54},"end":{"line":51,"column":1}}},"1":{"name":"(anonymous_1)","decl":{"start":{"line":20,"column":25},"end":{"line":20,"column":26}},"loc":{"start":{"line":20,"column":31},"end":{"line":20,"column":67}}},"2":{"name":"(anonymous_2)","decl":{"start":{"line":20,"column":75},"end":{"line":20,"column":76}},"loc":{"start":{"line":20,"column":84},"end":{"line":24,"column":9}}},"3":{"name":"(anonymous_3)","decl":{"start":{"line":30,"column":40},"end":{"line":30,"column":41}},"loc":{"start":{"line":30,"column":50},"end":{"line":30,"column":69}}},"4":{"name":"(anonymous_4)","decl":{"start":{"line":32,"column":18},"end":{"line":32,"column":22}},"loc":{"start":{"line":32,"column":25},"end":{"line":32,"column":50}}},"5":{"name":"(anonymous_5)","decl":{"start":{"line":33,"column":17},"end":{"line":33,"column":18}},"loc":{"start":{"line":33,"column":39},"end":{"line":36,"column":5}}},"6":{"name":"(anonymous_6)","decl":{"start":{"line":37,"column":18},"end":{"line":37,"column":19}},"loc":{"start":{"line":37,"column":51},"end":{"line":39,"column":5}}},"7":{"name":"prim","decl":{"start":{"line":56,"column":16},"end":{"line":56,"column":20}},"loc":{"start":{"line":56,"column":87},"end":{"line":86,"column":1}}},"8":{"name":"greedyAllocate","decl":{"start":{"line":98,"column":16},"end":{"line":98,"column":30}},"loc":{"start":{"line":98,"column":74},"end":{"line":111,"column":1}}},"9":{"name":"(anonymous_9)","decl":{"start":{"line":100,"column":44},"end":{"line":100,"column":45}},"loc":{"start":{"line":100,"column":54},"end":{"line":100,"column":77}}}},"branchMap":{"0":{"loc":{"start":{"line":21,"column":12},"end":{"line":21,"column":55}},"type":"if","locations":[{"start":{"line":21,"column":12},"end":{"line":21,"column":55}}]},"1":{"loc":{"start":{"line":21,"column":36},"end":{"line":21,"column":54}},"type":"cond-expr","locations":[{"start":{"line":21,"column":48},"end":{"line":21,"column":50}},{"start":{"line":21,"column":53},"end":{"line":21,"column":54}}]},"2":{"loc":{"start":{"line":22,"column":12},"end":{"line":22,"column":55}},"type":"if","locations":[{"start":{"line":22,"column":12},"end":{"line":22,"column":55}}]},"3":{"loc":{"start":{"line":22,"column":36},"end":{"line":22,"column":54}},"type":"cond-expr","locations":[{"start":{"line":22,"column":48},"end":{"line":22,"column":50}},{"start":{"line":22,"column":53},"end":{"line":22,"column":54}}]},"4":{"loc":{"start":{"line":26,"column":4},"end":{"line":29,"column":5}},"type":"if","locations":[{"start":{"line":26,"column":4},"end":{"line":29,"column":5}}]},"5":{"loc":{"start":{"line":34,"column":8},"end":{"line":34,"column":38}},"type":"if","locations":[{"start":{"line":34,"column":8},"end":{"line":34,"column":38}}]},"6":{"loc":{"start":{"line":44,"column":8},"end":{"line":47,"column":9}},"type":"if","locations":[{"start":{"line":44,"column":8},"end":{"line":47,"column":9}}]},"7":{"loc":{"start":{"line":61,"column":4},"end":{"line":61,"column":30}},"type":"if","locations":[{"start":{"line":61,"column":4},"end":{"line":61,"column":30}}]},"8":{"loc":{"start":{"line":70,"column":16},"end":{"line":73,"column":17}},"type":"if","locations":[{"start":{"line":70,"column":16},"end":{"line":73,"column":17}}]},"9":{"loc":{"start":{"line":70,"column":20},"end":{"line":70,"column":68}},"type":"binary-expr","locations":[{"start":{"line":70,"column":20},"end":{"line":70,"column":35}},{"start":{"line":70,"column":39},"end":{"line":70,"column":68}}]},"10":{"loc":{"start":{"line":70,"column":39},"end":{"line":70,"column":56}},"type":"cond-expr","locations":[{"start":{"line":70,"column":51},"end":{"line":70,"column":54}},{"start":{"line":70,"column":51},"end":{"line":70,"column":56}}]},"11":{"loc":{"start":{"line":70,"column":39},"end":{"line":70,"column":54}},"type":"binary-expr","locations":[{"start":{"line":70,"column":39},"end":{"line":70,"column":54}},{"start":{"line":70,"column":51},"end":{"line":70,"column":54}}]},"12":{"loc":{"start":{"line":77,"column":8},"end":{"line":82,"column":9}},"type":"if","locations":[{"start":{"line":77,"column":8},"end":{"line":82,"column":9}},{"start":{"line":80,"column":15},"end":{"line":82,"column":9}}]}},"s":{"0":1,"1":1,"2":1,"3":1,"4":3,"5":6,"6":6,"7":5,"8":1,"9":1,"10":0,"11":3,"12":1,"13":2,"14":5,"15":2,"16":2,"17":6,"18":2,"19":14,"20":10,"21":4,"22":2,"23":4,"24":2,"25":2,"26":5,"27":5,"28":5,"29":4,"30":4,"31":2,"32":2,"33":2,"34":2,"35":2,"36":2,"37":1,"38":1,"39":1,"40":2,"41":2,"42":2,"43":3,"44":9,"45":3,"46":3,"47":2,"48":2,"49":2,"50":0,"51":1,"52":1,"53":3,"54":1,"55":1,"56":1,"57":3,"58":3,"59":3,"60":1},"f":{"0":3,"1":6,"2":6,"3":5,"4":6,"5":14,"6":4,"7":2,"8":1,"9":3},"b":{"0":[5],"1":[2,3],"2":[1],"3":[0,1],"4":[1],"5":[10],"6":[4],"7":[1],"8":[3],"9":[9,4],"10":[0,4],"11":[4,4],"12":[2,0]}}
,"D:\\Projects\\Web Development2\\Javascript Frameworks\\Fullstack Frameworks\\Next.js\\Surya-Women's Health Tracing and Monitoring System Web App-NextJS FullStack\\src\\lib\\algorithms\\searching.ts": {"path":"D:\\Projects\\Web Development2\\Javascript Frameworks\\Fullstack Frameworks\\Next.js\\Surya-Women's Health Tracing and Monitoring System Web App-NextJS FullStack\\src\\lib\\algorithms\\searching.ts","statementMap":{"0":{"start":{"line":5,"column":0},"end":{"line":5,"column":16}},"1":{"start":{"line":10,"column":14},"end":{"line":10,"column":15}},"2":{"start":{"line":11,"column":15},"end":{"line":11,"column":29}},"3":{"start":{"line":13,"column":4},"end":{"line":24,"column":5}},"4":{"start":{"line":14,"column":20},"end":{"line":14,"column":48}},"5":{"start":{"line":15,"column":23},"end":{"line":15,"column":39}},"6":{"start":{"line":17,"column":8},"end":{"line":23,"column":9}},"7":{"start":{"line":18,"column":12},"end":{"line":18,"column":23}},"8":{"start":{"line":19,"column":15},"end":{"line":23,"column":9}},"9":{"start":{"line":20,"column":12},"end":{"line":20,"column":26}},"10":{"start":{"line":22,"column":12},"end":{"line":22,"column":27}},"11":{"start":{"line":26,"column":4},"end":{"line":26,"column":14}}},"fnMap":{"0":{"name":"binarySearch","decl":{"start":{"line":5,"column":16},"end":{"line":5,"column":28}},"loc":{"start":{"line":8,"column":28},"end":{"line":27,"column":1}}}},"branchMap":{"0":{"loc":{"start":{"line":17,"column":8},"end":{"line":23,"column":9}},"type":"if","locations":[{"start":{"line":17,"column":8},"end":{"line":23,"column":9}},{"start":{"line":19,"column":15},"end":{"line":23,"column":9}}]},"1":{"loc":{"start":{"line":19,"column":15},"end":{"line":23,"column":9}},"type":"if","locations":[{"start":{"line":19,"column":15},"end":{"line":23,"column":9}},{"start":{"line":21,"column":15},"end":{"line":23,"column":9}}]}},"s":{"0":1,"1":3,"2":3,"3":3,"4":4,"5":4,"6":4,"7":1,"8":3,"9":2,"10":1,"11":2},"f":{"0":3},"b":{"0":[1,3],"1":[2,1]}}
,"D:\\Projects\\Web Development2\\Javascript Frameworks\\Fullstack Frameworks\\Next.js\\Surya-Women's Health Tracing and Monitoring System Web App-NextJS FullStack\\src\\lib\\algorithms\\sorting.ts": {"path":"D:\\Projects\\Web Development2\\Javascript Frameworks\\Fullstack Frameworks\\Next.js\\Surya-Women's Health Tracing and Monitoring System Web App-NextJS FullStack\\src\\lib\\algorithms\\sorting.ts","statementMap":{"0":{"start":{"line":5,"column":0},"end":{"line":5,"column":16}},"1":{"start":{"line":25,"column":0},"end":{"line":25,"column":16}},"2":{"start":{"line":61,"column":0},"end":{"line":61,"column":16}},"3":{"start":{"line":6,"column":14},"end":{"line":6,"column":24}},"4":{"start":{"line":7,"column":4},"end":{"line":17,"column":5}},"5":{"start":{"line":7,"column":17},"end":{"line":7,"column":18}},"6":{"start":{"line":8,"column":21},"end":{"line":8,"column":22}},"7":{"start":{"line":9,"column":8},"end":{"line":13,"column":9}},"8":{"start":{"line":9,"column":21},"end":{"line":9,"column":26}},"9":{"start":{"line":10,"column":12},"end":{"line":12,"column":13}},"10":{"start":{"line":11,"column":16},"end":{"line":11,"column":27}},"11":{"start":{"line":14,"column":8},"end":{"line":16,"column":9}},"12":{"start":{"line":15,"column":12},"end":{"line":15,"column":58}},"13":{"start":{"line":18,"column":4},"end":{"line":18,"column":15}},"14":{"start":{"line":26,"column":4},"end":{"line":26,"column":36}},"15":{"start":{"line":26,"column":25},"end":{"line":26,"column":36}},"16":{"start":{"line":28,"column":19},"end":{"line":28,"column":45}},"17":{"start":{"line":29,"column":17},"end":{"line":29,"column":37}},"18":{"start":{"line":30,"column":18},"end":{"line":30,"column":35}},"19":{"start":{"line":32,"column":4},"end":{"line":36,"column":6}},"20":{"start":{"line":40,"column":22},"end":{"line":40,"column":24}},"21":{"start":{"line":41,"column":18},"end":{"line":41,"column":19}},"22":{"start":{"line":42,"column":19},"end":{"line":42,"column":20}},"23":{"start":{"line":44,"column":4},"end":{"line":52,"column":5}},"24":{"start":{"line":45,"column":8},"end":{"line":51,"column":9}},"25":{"start":{"line":46,"column":12},"end":{"line":46,"column":39}},"26":{"start":{"line":47,"column":12},"end":{"line":47,"column":22}},"27":{"start":{"line":49,"column":12},"end":{"line":49,"column":41}},"28":{"start":{"line":50,"column":12},"end":{"line":50,"column":23}},"29":{"start":{"line":54,"column":4},"end":{"line":54,"column":76}},"30":{"start":{"line":62,"column":14},"end":{"line":62,"column":24}},"31":{"start":{"line":63,"column":4},"end":{"line":71,"column":5}},"32":{"start":{"line":63,"column":17},"end":{"line":63,"column":18}},"33":{"start":{"line":64,"column":20},"end":{"line":64,"column":26}},"34":{"start":{"line":65,"column":16},"end":{"line":65,"column":21}},"35":{"start":{"line":66,"column":8},"end":{"line":69,"column":9}},"36":{"start":{"line":67,"column":12},"end":{"line":67,"column":32}},"37":{"start":{"line":68,"column":12},"end":{"line":68,"column":22}},"38":{"start":{"line":70,"column":8},"end":{"line":70,"column":25}},"39":{"start":{"line":72,"column":4},"end":{"line":72,"column":15}}},"fnMap":{"0":{"name":"selectionSort","decl":{"start":{"line":5,"column":16},"end":{"line":5,"column":29}},"loc":{"start":{"line":5,"column":74},"end":{"line":19,"column":1}}},"1":{"name":"mergeSort","decl":{"start":{"line":25,"column":16},"end":{"line":25,"column":25}},"loc":{"start":{"line":25,"column":70},"end":{"line":37,"column":1}}},"2":{"name":"merge","decl":{"start":{"line":39,"column":9},"end":{"line":39,"column":14}},"loc":{"start":{"line":39,"column":72},"end":{"line":55,"column":1}}},"3":{"name":"insertionSort","decl":{"start":{"line":61,"column":16},"end":{"line":61,"column":29}},"loc":{"start":{"line":61,"column":74},"end":{"line":73,"column":1}}}},"branchMap":{"0":{"loc":{"start":{"line":10,"column":12},"end":{"line":12,"column":13}},"type":"if","locations":[{"start":{"line":10,"column":12},"end":{"line":12,"column":13}}]},"1":{"loc":{"start":{"line":14,"column":8},"end":{"line":16,"column":9}},"type":"if","locations":[{"start":{"line":14,"column":8},"end":{"line":16,"column":9}}]},"2":{"loc":{"start":{"line":26,"column":4},"end":{"line":26,"column":36}},"type":"if","locations":[{"start":{"line":26,"column":4},"end":{"line":26,"column":36}}]},"3":{"loc":{"start":{"line":44,"column":11},"end":{"line":44,"column":59}},"type":"binary-expr","locations":[{"start":{"line":44,"column":11},"end":{"line":44,"column":32}},{"start":{"line":44,"column":36},"end":{"line":44,"column":59}}]},"4":{"loc":{"start":{"line":45,"column":8},"end":{"line":51,"column":9}},"type":"if","locations":[{"start":{"line":45,"column":8},"end":{"line":51,"column":9}},{"start":{"line":48,"column":15},"end":{"line":51,"column":9}}]},"5":{"loc":{"start":{"line":66,"column":15},"end":{"line":66,"column":49}},"type":"binary-expr","locations":[{"start":{"line":66,"column":15},"end":{"line":66,"column":21}},{"start":{"line":66,"column":25},"end":{"line":66,"column":49}}]}},"s":{"0":1,"1":1,"2":1,"3":1,"4":1,"5":1,"6":5,"7":5,"8":5,"9":15,"10":5,"11":5,"12":4,"13":1,"14":6,"15":4,"16":2,"17":2,"18":2,"19":2,"20":2,"21":2,"22":2,"23":2,"24":3,"25":1,"26":1,"27":2,"28":2,"29":2,"30":1,"31":1,"32":1,"33":7,"34":7,"35":7,"36":12,"37":12,"38":7,"39":1},"f":{"0":1,"1":6,"2":2,"3":1},"b":{"0":[5],"1":[4],"2":[4],"3":[5,4],"4":[1,2],"5":[19,16]}}
}
