TN:
SF:src\middleware.ts
FN:13,middleware
FNF:1
FNH:1
FNDA:1,middleware
DA:1,1
DA:7,1
DA:9,1
DA:10,1
DA:11,1
DA:13,1
DA:14,1
DA:15,1
DA:18,1
DA:19,1
DA:20,1
DA:22,1
DA:24,1
DA:25,0
DA:27,0
DA:29,0
DA:30,0
DA:32,0
DA:35,1
DA:40,1
DA:42,1
DA:43,1
DA:44,1
DA:45,1
DA:47,1
DA:50,1
DA:55,1
DA:58,1
LF:28
LH:23
BRDA:14,0,0,1
BRDA:14,0,1,0
BRDA:14,1,0,1
BRDA:14,1,1,1
BRDA:14,2,0,1
BRDA:14,2,1,0
BRDA:14,3,0,1
BRDA:14,3,1,1
BRDA:18,4,0,1
BRDA:20,5,0,0
BRDA:20,5,1,1
BRDA:24,6,0,0
BRDA:24,6,1,1
BRDA:25,7,0,0
BRDA:25,7,1,0
BRDA:29,8,0,0
BRF:16
BRH:9
end_of_record
TN:
SF:src\lib\encryption.ts
FN:14,encryptData
FN:30,decryptData
FNF:2
FNH:2
FNDA:3,encryptData
FNDA:3,decryptData
DA:1,2
DA:3,2
DA:6,2
DA:8,2
DA:9,2
DA:14,2
DA:15,3
DA:16,3
DA:18,3
DA:19,3
DA:21,3
DA:24,3
DA:30,2
DA:31,3
DA:32,3
DA:33,3
DA:35,1
DA:38,2
DA:39,2
DA:40,2
DA:42,2
DA:43,2
DA:45,2
DA:46,2
DA:48,1
DA:50,1
DA:51,1
LF:27
LH:27
BRDA:6,0,0,2
BRDA:6,0,1,2
BRDA:33,1,0,1
BRF:3
BRH:3
end_of_record
TN:
SF:src\lib\validations.ts
FN:9,(anonymous_0)
FN:22,(anonymous_1)
FN:61,(anonymous_2)
FNF:3
FNH:1
FNDA:2,(anonymous_0)
FNDA:0,(anonymous_1)
FNDA:0,(anonymous_2)
DA:1,2
DA:5,2
DA:9,2
DA:14,2
DA:21,2
DA:22,0
DA:32,2
DA:37,2
DA:42,2
DA:47,2
DA:54,2
DA:58,2
DA:61,0
DA:66,2
DA:72,2
DA:82,2
LF:16
LH:14
BRF:0
BRH:0
end_of_record
TN:
SF:src\lib\algorithms\community.ts
FN:16,kruskal
FN:20,(anonymous_1)
FN:20,(anonymous_2)
FN:30,(anonymous_3)
FN:32,(anonymous_4)
FN:33,(anonymous_5)
FN:37,(anonymous_6)
FN:56,prim
FN:98,greedyAllocate
FN:100,(anonymous_9)
FNF:10
FNH:10
FNDA:3,kruskal
FNDA:6,(anonymous_1)
FNDA:6,(anonymous_2)
FNDA:5,(anonymous_3)
FNDA:6,(anonymous_4)
FNDA:14,(anonymous_5)
FNDA:4,(anonymous_6)
FNDA:2,prim
FNDA:1,greedyAllocate
FNDA:3,(anonymous_9)
DA:15,1
DA:16,1
DA:18,3
DA:20,6
DA:21,6
DA:22,1
DA:23,0
DA:26,3
DA:28,1
DA:30,5
DA:31,2
DA:32,6
DA:33,2
DA:34,14
DA:35,4
DA:37,2
DA:38,4
DA:40,2
DA:41,2
DA:42,5
DA:43,5
DA:44,5
DA:45,4
DA:46,4
DA:49,2
DA:50,2
DA:56,1
DA:57,2
DA:58,2
DA:59,2
DA:61,2
DA:62,1
DA:64,1
DA:65,2
DA:66,2
DA:68,2
DA:69,3
DA:70,9
DA:71,3
DA:72,3
DA:77,2
DA:78,2
DA:79,2
DA:81,0
DA:85,1
DA:98,1
DA:100,3
DA:101,1
DA:102,1
DA:104,1
DA:105,3
DA:106,3
DA:107,3
DA:110,1
LF:54
LH:52
BRDA:21,0,0,5
BRDA:21,1,0,2
BRDA:21,1,1,3
BRDA:22,2,0,1
BRDA:22,3,0,0
BRDA:22,3,1,1
BRDA:26,4,0,1
BRDA:34,5,0,10
BRDA:44,6,0,4
BRDA:61,7,0,1
BRDA:70,8,0,3
BRDA:70,9,0,9
BRDA:70,9,1,4
BRDA:70,10,0,0
BRDA:70,10,1,4
BRDA:70,11,0,4
BRDA:70,11,1,4
BRDA:77,12,0,2
BRDA:77,12,1,0
BRF:19
BRH:16
end_of_record
TN:
SF:src\lib\algorithms\searching.ts
FN:5,binarySearch
FNF:1
FNH:1
FNDA:3,binarySearch
DA:5,1
DA:10,3
DA:11,3
DA:13,3
DA:14,4
DA:15,4
DA:17,4
DA:18,1
DA:19,3
DA:20,2
DA:22,1
DA:26,2
LF:12
LH:12
BRDA:17,0,0,1
BRDA:17,0,1,3
BRDA:19,1,0,2
BRDA:19,1,1,1
BRF:4
BRH:4
end_of_record
TN:
SF:src\lib\algorithms\sorting.ts
FN:5,selectionSort
FN:25,mergeSort
FN:39,merge
FN:61,insertionSort
FNF:4
FNH:4
FNDA:1,selectionSort
FNDA:6,mergeSort
FNDA:2,merge
FNDA:1,insertionSort
DA:5,1
DA:6,1
DA:7,1
DA:8,5
DA:9,5
DA:10,15
DA:11,5
DA:14,5
DA:15,4
DA:18,1
DA:25,1
DA:26,6
DA:28,2
DA:29,2
DA:30,2
DA:32,2
DA:40,2
DA:41,2
DA:42,2
DA:44,2
DA:45,3
DA:46,1
DA:47,1
DA:49,2
DA:50,2
DA:54,2
DA:61,1
DA:62,1
DA:63,1
DA:64,7
DA:65,7
DA:66,7
DA:67,12
DA:68,12
DA:70,7
DA:72,1
LF:36
LH:36
BRDA:10,0,0,5
BRDA:14,1,0,4
BRDA:26,2,0,4
BRDA:44,3,0,5
BRDA:44,3,1,4
BRDA:45,4,0,1
BRDA:45,4,1,2
BRDA:66,5,0,19
BRDA:66,5,1,16
BRF:9
BRH:9
end_of_record
